<?xml version="1.0" encoding="UTF-8"?>
<testsuite name="co.com.linio.Runners.LoginRunner" tests="0" skipped="0" failures="0" errors="0" timestamp="1970-01-01T00:00:00" hostname="DESKTOP-S60UPCJ" time="0.0">
  <properties/>
  <system-out><![CDATA[15:38:30.490 [Test worker] DEBUG net.thucydides.core.util.PropertiesFileLocalPreferences - LOADING LOCAL PROPERTIES FROM C:\Users\57312\IdeaProjects\RetoScreenplay\serenity.properties 
15:38:31.146 [Test worker] DEBUG net.thucydides.core.util.PropertiesFileLocalPreferences - LOADING LOCAL PROPERTIES FROM C:\Users\57312\IdeaProjects\RetoScreenplay\serenity.properties 
15:38:31.146 [Test worker] DEBUG net.thucydides.core.util.PropertiesFileLocalPreferences - LOADING LOCAL PROPERTIES FROM C:\Users\57312\IdeaProjects\RetoScreenplay\serenity.properties 
15:38:31.224 [Test worker] DEBUG net.thucydides.core.util.PropertiesFileLocalPreferences - webdriver.timeouts.implicitlywalt=10000
15:38:31.224 [Test worker] DEBUG net.thucydides.core.util.PropertiesFileLocalPreferences - webdriver.driver=chrome
15:38:31.224 [Test worker] DEBUG net.thucydides.core.util.PropertiesFileLocalPreferences - webdriver.chrome.driver=chromedriver.exe
15:38:31.224 [Test worker] DEBUG net.thucydides.core.util.PropertiesFileLocalPreferences - chrome.switches=--start-maximized --disable-popup-blocking
15:38:31.224 [Test worker] DEBUG net.thucydides.core.util.PropertiesFileLocalPreferences - serenity.take.screenshots=FOR_EACH_ACTION
15:38:32.179 [Test worker] INFO io.cucumber.core.plugin.SerenityReporter - Running feature from file:///C:/Users/57312/IdeaProjects/RetoScreenplay/src/test/resources/features/Login.feature
15:38:33.616 [Test worker] DEBUG net.thucydides.core.util.PropertiesFileLocalPreferences - LOADING LOCAL PROPERTIES FROM C:\Users\57312\IdeaProjects\RetoScreenplay\serenity.properties 
15:38:33.679 [Test worker] DEBUG net.thucydides.core.util.PropertiesFileLocalPreferences - LOADING LOCAL PROPERTIES FROM C:\Users\57312\IdeaProjects\RetoScreenplay\serenity.properties 
15:38:33.679 [Test worker] DEBUG net.thucydides.core.util.PropertiesFileLocalPreferences - LOADING LOCAL PROPERTIES FROM C:\Users\57312\IdeaProjects\RetoScreenplay\serenity.properties 
15:38:33.694 [Test worker] DEBUG net.thucydides.core.util.PropertiesFileLocalPreferences - webdriver.timeouts.implicitlywalt=10000
15:38:33.694 [Test worker] DEBUG net.thucydides.core.util.PropertiesFileLocalPreferences - webdriver.driver=chrome
15:38:33.694 [Test worker] DEBUG net.thucydides.core.util.PropertiesFileLocalPreferences - webdriver.chrome.driver=chromedriver.exe
15:38:33.694 [Test worker] DEBUG net.thucydides.core.util.PropertiesFileLocalPreferences - chrome.switches=--start-maximized --disable-popup-blocking
15:38:33.694 [Test worker] DEBUG net.thucydides.core.util.PropertiesFileLocalPreferences - serenity.take.screenshots=FOR_EACH_ACTION
15:38:33.772 [Test worker] INFO  - 

-------------------------------------------------------------------------------------
     _______. _______ .______       _______ .__   __.  __  .___________.____    ____ 
    /       ||   ____||   _  \     |   ____||  \ |  | |  | |           |\   \  /   / 
   |   (----`|  |__   |  |_)  |    |  |__   |   \|  | |  | `---|  |----` \   \/   /  
    \   \    |   __|  |      /     |   __|  |  . `  | |  |     |  |       \_    _/   
.----)   |   |  |____ |  |\  \----.|  |____ |  |\   | |  |     |  |         |  |     
|_______/    |_______|| _| `._____||_______||__| \__| |__|     |__|         |__|    
                                                                                     
 News and tutorials at http://www.serenity-bdd.info                                  
 Documentation at https://wakaleo.gitbooks.io/the-serenity-book/content/             
 Join the Serenity Community on Gitter: https://gitter.im/serenity-bdd/serenity-core 
 Serenity BDD Support and Training at http://serenity-bdd.info/#/trainingandsupport  
-------------------------------------------------------------------------------------

15:38:33.788 [Test worker] DEBUG net.thucydides.core.steps.StepEventBus - Test suite started for story net.thucydides.core.model.Story@811fc74b
15:38:33.804 [Test worker] INFO  - Test Suite Started: login de usuario

?[31mFailed scenarios:?[0m
file:///C:/Users/57312/IdeaProjects/RetoScreenplay/src/test/resources/features/Login.feature:4 # login usuario exitoso

1 Scenarios (?[31m1 failed?[0m)
4 Steps (?[31m1 failed?[0m, ?[36m2 skipped?[0m, ?[32m1 passed?[0m)
1m59,254s


org.openqa.selenium.ElementNotInteractableException: element not interactable
  (Session info: chrome=104.0.5112.81)
Build info: version: '3.141.59', revision: 'e82be7d358', time: '2018-11-14T08:17:03'
System info: host: 'DESKTOP-S60UPCJ', ip: '192.168.0.100', os.name: 'Windows 10', os.arch: 'amd64', os.version: '10.0', java.version: '11.0.12'
Driver info: org.openqa.selenium.chrome.ChromeDriver
Capabilities {acceptInsecureCerts: false, browserName: chrome, browserVersion: 104.0.5112.81, chrome: {chromedriverVersion: 103.0.5060.134 (8ec6fce403b..., userDataDir: C:\Users\57312\AppData\Loca...}, goog:chromeOptions: {debuggerAddress: localhost:54485}, javascriptEnabled: true, networkConnectionEnabled: false, pageLoadStrategy: normal, platform: WINDOWS, platformName: WINDOWS, proxy: Proxy(), setWindowRect: true, strictFileInteractability: false, timeouts: {implicit: 0, pageLoad: 300000, script: 30000}, unhandledPromptBehavior: dismiss and notify, webauthn:extension:credBlob: true, webauthn:extension:largeBlob: true, webauthn:virtualAuthenticators: true}
Session ID: 040e2bbcd6f809ed3bb2d3989401809d
	at java.base/jdk.internal.reflect.NativeConstructorAccessorImpl.newInstance0(Native Method)
	at java.base/jdk.internal.reflect.NativeConstructorAccessorImpl.newInstance(NativeConstructorAccessorImpl.java:62)
	at java.base/jdk.internal.reflect.DelegatingConstructorAccessorImpl.newInstance(DelegatingConstructorAccessorImpl.java:45)
	at java.base/java.lang.reflect.Constructor.newInstance(Constructor.java:490)
	at org.openqa.selenium.remote.http.W3CHttpResponseCodec.createException(W3CHttpResponseCodec.java:187)
	at org.openqa.selenium.remote.http.W3CHttpResponseCodec.decode(W3CHttpResponseCodec.java:122)
	at org.openqa.selenium.remote.http.W3CHttpResponseCodec.decode(W3CHttpResponseCodec.java:49)
	at org.openqa.selenium.remote.HttpCommandExecutor.execute(HttpCommandExecutor.java:158)
	at org.openqa.selenium.remote.service.DriverCommandExecutor.execute(DriverCommandExecutor.java:83)
	at org.openqa.selenium.remote.RemoteWebDriver.execute(RemoteWebDriver.java:552)
	at org.openqa.selenium.remote.RemoteWebElement.execute(RemoteWebElement.java:285)
	at org.openqa.selenium.remote.RemoteWebElement.sendKeys(RemoteWebElement.java:106)
	at net.serenitybdd.core.pages.ClearContents.ofElement(ClearContents.java:14)
	at net.serenitybdd.core.pages.WebElementFacadeImpl.clear(WebElementFacadeImpl.java:1308)
	at net.serenitybdd.core.pages.WebElementFacadeImpl.type(WebElementFacadeImpl.java:818)
	at net.serenitybdd.screenplay.actions.EnterValueIntoTarget.performAs(EnterValueIntoTarget.java:18)
	at net.serenitybdd.screenplay.actions.EnterValueIntoTarget$ByteBuddy$bsRLoFMP.performAs$accessor$Xj0ZYarp(Unknown Source)
	at java.base/jdk.internal.reflect.NativeMethodAccessorImpl.invoke0(Native Method)
	at java.base/jdk.internal.reflect.NativeMethodAccessorImpl.invoke(NativeMethodAccessorImpl.java:62)
	at java.base/jdk.internal.reflect.DelegatingMethodAccessorImpl.invoke(DelegatingMethodAccessorImpl.java:43)
	at java.base/java.lang.reflect.Method.invoke(Method.java:566)
	at net.thucydides.core.steps.StepInterceptor.invokeMethod(StepInterceptor.java:492)
	at net.thucydides.core.steps.StepInterceptor.executeTestStepMethod(StepInterceptor.java:472)
	at net.thucydides.core.steps.StepInterceptor.runTestStep(StepInterceptor.java:445)
	at net.thucydides.core.steps.StepInterceptor.runOrSkipMethod(StepInterceptor.java:201)
	at net.thucydides.core.steps.StepInterceptor.testStepResult(StepInterceptor.java:188)
	at net.thucydides.core.steps.StepInterceptor.intercept(StepInterceptor.java:76)
	at net.thucydides.core.steps.ProxyConfiguration$InterceptorDispatcher.intercept(ProxyConfiguration.java:51)
	at net.serenitybdd.screenplay.actions.EnterValueIntoTarget$ByteBuddy$bsRLoFMP.performAs(Unknown Source)
	at net.serenitybdd.screenplay.Actor.performTask(Actor.java:252)
	at net.serenitybdd.screenplay.Actor.perform(Actor.java:233)
	at net.serenitybdd.screenplay.Actor.attemptsTo(Actor.java:178)
	at co.com.linio.Tasks.Login.performAs(Login.java:30)
	at co.com.linio.Tasks.Login$ByteBuddy$k3yR2mBL.performAs$accessor$SEzFdYne(Unknown Source)
	at java.base/jdk.internal.reflect.NativeMethodAccessorImpl.invoke0(Native Method)
	at java.base/jdk.internal.reflect.NativeMethodAccessorImpl.invoke(NativeMethodAccessorImpl.java:62)
	at java.base/jdk.internal.reflect.DelegatingMethodAccessorImpl.invoke(DelegatingMethodAccessorImpl.java:43)
	at java.base/java.lang.reflect.Method.invoke(Method.java:566)
	at net.thucydides.core.steps.StepInterceptor.invokeMethod(StepInterceptor.java:492)
	at net.thucydides.core.steps.StepInterceptor.executeTestStepMethod(StepInterceptor.java:472)
	at net.thucydides.core.steps.StepInterceptor.runTestStep(StepInterceptor.java:445)
	at net.thucydides.core.steps.StepInterceptor.runOrSkipMethod(StepInterceptor.java:201)
	at net.thucydides.core.steps.StepInterceptor.testStepResult(StepInterceptor.java:188)
	at net.thucydides.core.steps.StepInterceptor.intercept(StepInterceptor.java:76)
	at net.thucydides.core.steps.ProxyConfiguration$InterceptorDispatcher.intercept(ProxyConfiguration.java:51)
	at co.com.linio.Tasks.Login$ByteBuddy$k3yR2mBL.performAs(Unknown Source)
	at net.serenitybdd.screenplay.Actor.performTask(Actor.java:252)
	at net.serenitybdd.screenplay.Actor.perform(Actor.java:233)
	at net.serenitybdd.screenplay.Actor.attemptsTo(Actor.java:178)
	at co.com.linio.StepDefinitions.LoginStepDefinition.elIngreseLasCredenciales(LoginStepDefinition.java:43)
	at ?.el ingrese las credenciales(file:///C:/Users/57312/IdeaProjects/RetoScreenplay/src/test/resources/features/Login.feature:6)


You can implement missing steps with the snippets below:

@Cuando("seleccione los productos")
public void seleccioneLosProductos() {
    // Write code here that turns the phrase above into concrete actions
    throw new io.cucumber.java.PendingException();
}


15:40:31.479 [Test worker] DEBUG net.thucydides.core.reports.ReportService - Reporting formats: [JSON, HTML]
15:40:33.151 [Test worker] DEBUG net.thucydides.core.reports.ReportService - Reporting formats: [JSON, HTML]
15:40:33.261 [Test worker] DEBUG net.thucydides.core.reports.ReportService - Generating reports for 1 test outcomes using: net.thucydides.core.reports.json.JSONTestOutcomeReporter@28395bd0
15:40:33.370 [pool-1-thread-1] DEBUG net.thucydides.core.reports.ReportService - Processing test outcome login de usuario:login usuario exitoso
15:40:33.370 [pool-1-thread-1] DEBUG net.thucydides.core.reports.ReportService - net.thucydides.core.reports.json.JSONTestOutcomeReporter@28395bd0: Generating report for test outcome: login de usuario:login usuario exitoso
15:40:33.370 [pool-1-thread-1] DEBUG net.thucydides.core.reports.json.JSONTestOutcomeReporter - Generating JSON report for login usuario exitoso to file C:\Users\57312\IdeaProjects\RetoScreenplay\target\site\serenity\511d025976708668c9868fb87c512247ab2891044d8210c953ede32494a16ead.json (using temp file C:\Users\57312\IdeaProjects\RetoScreenplay\target\site\serenity\511d025976708668c9868fb87c512247ab2891044d8210c953ede32494a16ead.json2c1857d1-6f71-4491-81e3-14a4e79126e4)
15:40:33.589 [pool-1-thread-1] DEBUG net.thucydides.core.reports.ReportService - Processing test outcome login de usuario:login usuario exitoso done
15:40:33.589 [Test worker] DEBUG net.thucydides.core.reports.ReportService - Shutting down executor service
15:40:33.589 [Test worker] DEBUG net.thucydides.core.reports.ReportService - Reports generated in: 328 ms
15:40:33.589 [Test worker] DEBUG net.thucydides.core.reports.ReportService - Generating reports for 1 test outcomes using: net.thucydides.core.reports.html.HtmlAcceptanceTestReporter@75fd8070
15:40:33.589 [pool-2-thread-1] DEBUG net.thucydides.core.reports.ReportService - Processing test outcome login de usuario:login usuario exitoso
15:40:33.589 [pool-2-thread-1] DEBUG net.thucydides.core.reports.ReportService - net.thucydides.core.reports.html.HtmlAcceptanceTestReporter@75fd8070: Generating report for test outcome: login de usuario:login usuario exitoso
15:40:33.589 [pool-2-thread-1] DEBUG net.thucydides.core.reports.html.HtmlAcceptanceTestReporter - GENERATE TEST OUTCOME REPORT FOR login usuario exitoso in 511d025976708668c9868fb87c512247ab2891044d8210c953ede32494a16ead
15:40:33.620 [pool-2-thread-1] DEBUG net.thucydides.core.requirements.model.cucumber.CucumberParser - Added feature login de usuario
15:40:33.636 [pool-2-thread-1] DEBUG net.thucydides.core.requirements.model.cucumber.CucumberParser - Added feature Registro Usuario
15:40:33.636 [pool-2-thread-1] DEBUG net.thucydides.core.requirements.RequirementsTagProvider -  found:[Requirement{name='login de usuario', type='feature' parent = 'null', cardNumber='null'}, Requirement{name='Registro Usuario', type='feature' parent = 'null', cardNumber='null'}]
15:40:33.636 [pool-2-thread-1] DEBUG net.thucydides.core.requirements.BaseRequirementsService - Requirement found for test outcome login usuario exitoso-[]: Optional[Requirement{name='login de usuario', type='feature' parent = 'null', cardNumber='null'}]
15:40:33.698 [pool-2-thread-1] DEBUG net.thucydides.core.requirements.BaseRequirementsService - Requirement found for test outcome login usuario exitoso-[]: Optional[Requirement{name='login de usuario', type='feature' parent = 'null', cardNumber='null'}]
15:40:34.646 [pool-2-thread-1] DEBUG net.thucydides.core.requirements.BaseRequirementsService - Requirement found for test outcome login usuario exitoso-[]: Optional[Requirement{name='login de usuario', type='feature' parent = 'null', cardNumber='null'}]
15:40:34.646 [pool-2-thread-1] DEBUG net.thucydides.core.requirements.BaseRequirementsService - Requirement found for test outcome login usuario exitoso-[]: Optional[Requirement{name='login de usuario', type='feature' parent = 'null', cardNumber='null'}]
15:40:35.897 [pool-2-thread-1] DEBUG net.thucydides.core.reports.html.HtmlAcceptanceTestReporter - Generating report in 511d025976708668c9868fb87c512247ab2891044d8210c953ede32494a16ead_screenshots.html
15:40:38.006 [pool-2-thread-1] DEBUG net.thucydides.core.reports.html.HtmlAcceptanceTestReporter - Generated report 511d025976708668c9868fb87c512247ab2891044d8210c953ede32494a16ead_screenshots.html in 2109 ms
15:40:38.022 [pool-2-thread-1] DEBUG net.thucydides.core.reports.html.HtmlAcceptanceTestReporter - GENERATING HTML REPORT FOR login de usuario:login usuario exitoso in 511d025976708668c9868fb87c512247ab2891044d8210c953ede32494a16ead.html in directory C:\Users\57312\IdeaProjects\RetoScreenplay\target\site\serenity  
15:40:38.022 [pool-2-thread-1] DEBUG net.thucydides.core.reports.html.HtmlAcceptanceTestReporter - Generating report in 511d025976708668c9868fb87c512247ab2891044d8210c953ede32494a16ead.html
15:40:38.990 [pool-2-thread-1] DEBUG net.thucydides.core.reports.html.HtmlAcceptanceTestReporter - Generated report 511d025976708668c9868fb87c512247ab2891044d8210c953ede32494a16ead.html in 968 ms
15:40:38.990 [pool-2-thread-1] DEBUG net.thucydides.core.reports.ReportService - Processing test outcome login de usuario:login usuario exitoso done
15:40:38.990 [Test worker] DEBUG net.thucydides.core.reports.ReportService - Shutting down executor service
15:40:38.990 [Test worker] DEBUG net.thucydides.core.reports.ReportService - Reports generated in: 5401 ms
15:40:40.975 [Test worker] INFO io.cucumber.core.plugin.SerenityReporter - Cleanup test resources for URI file:///C:/Users/57312/IdeaProjects/RetoScreenplay/src/test/resources/features/Login.feature
15:40:40.975 [Test worker] DEBUG net.serenitybdd.core.photography.Darkroom - Closing darkroom
15:40:40.975 [Darkroom Processing Line] DEBUG net.serenitybdd.core.photography.DarkroomProcessingLine - Darkroom processing line shutting down
]]></system-out>
  <system-err><![CDATA[]]></system-err>
</testsuite>
